2014-02-11 15:29:21[WARN] user: Eric
localhost:3000/list
N+1 Query detected
  Micropost => [:comments]
  Add to your finder: :include => [:comments]
N+1 Query method call stack
  N+1 Query method call stack
  N+1 Query method call stack
  N+1 Query method call stack
  N+1 Query method call stack
  N+1 Query method call stack
  N+1 Query method call stack
  N+1 Query method call stack
  N+1 Query method call stack
  /Users/Eric/Desktop/MarkdUp/app/views/microposts/show.html.erb:45:in `block in _app_views_microposts_show_html_erb___2527100664166766042_2197648180'
  /Users/Eric/Desktop/MarkdUp/app/views/microposts/show.html.erb:25:in `_app_views_microposts_show_html_erb___2527100664166766042_2197648180'
  /Users/Eric/Desktop/MarkdUp/app/controllers/microposts_controller.rb:43:in `show'2014-02-11 15:32:40[WARN] user: Eric
localhost:3000/list
N+1 Query detected
  Micropost => [:comments]
  Add to your finder: :include => [:comments]
N+1 Query method call stack
  N+1 Query method call stack
  N+1 Query method call stack
  N+1 Query method call stack
  N+1 Query method call stack
  N+1 Query method call stack
  N+1 Query method call stack
  N+1 Query method call stack
  N+1 Query method call stack
  /Users/Eric/Desktop/MarkdUp/app/views/microposts/show.html.erb:45:in `block in _app_views_microposts_show_html_erb___2527100664166766042_2214964280'
  /Users/Eric/Desktop/MarkdUp/app/views/microposts/show.html.erb:25:in `_app_views_microposts_show_html_erb___2527100664166766042_2214964280'
  /Users/Eric/Desktop/MarkdUp/app/controllers/microposts_controller.rb:43:in `show'2014-02-11 15:38:18[WARN] user: Eric
localhost:3000/list
N+1 Query detected
  Micropost => [:comments]
  Add to your finder: :include => [:comments]
N+1 Query method call stack
  N+1 Query method call stack
  N+1 Query method call stack
  N+1 Query method call stack
  N+1 Query method call stack
  N+1 Query method call stack
  N+1 Query method call stack
  N+1 Query method call stack
  N+1 Query method call stack
  /Users/Eric/Desktop/MarkdUp/app/views/microposts/show.html.erb:45:in `block in _app_views_microposts_show_html_erb___2527100664166766042_2193918100'
  /Users/Eric/Desktop/MarkdUp/app/views/microposts/show.html.erb:25:in `_app_views_microposts_show_html_erb___2527100664166766042_2193918100'
  /Users/Eric/Desktop/MarkdUp/app/controllers/microposts_controller.rb:43:in `show'2014-02-11 15:56:46[WARN] user: Eric
localhost:3000/list
N+1 Query detected
  Micropost => [:comments]
  Add to your finder: :include => [:comments]
N+1 Query method call stack
  N+1 Query method call stack
  N+1 Query method call stack
  N+1 Query method call stack
  N+1 Query method call stack
  N+1 Query method call stack
  N+1 Query method call stack
  N+1 Query method call stack
  N+1 Query method call stack
  /Users/Eric/Desktop/MarkdUp/app/views/microposts/show.html.erb:45:in `block in _app_views_microposts_show_html_erb___2527100664166766042_2208745480'
  /Users/Eric/Desktop/MarkdUp/app/views/microposts/show.html.erb:25:in `_app_views_microposts_show_html_erb___2527100664166766042_2208745480'
  /Users/Eric/Desktop/MarkdUp/app/controllers/microposts_controller.rb:43:in `show'2014-02-12 18:57:56[WARN] user: Eric
localhost:3000/list
N+1 Query detected
  Micropost => [:comments]
  Add to your finder: :include => [:comments]
N+1 Query method call stack
  N+1 Query method call stack
  N+1 Query method call stack
  N+1 Query method call stack
  N+1 Query method call stack
  N+1 Query method call stack
  N+1 Query method call stack
  N+1 Query method call stack
  N+1 Query method call stack
  /Users/Eric/Desktop/MarkdUp/app/views/microposts/show.html.erb:50:in `block in _app_views_microposts_show_html_erb___2527100664166766042_2219215500'
  /Users/Eric/Desktop/MarkdUp/app/views/microposts/show.html.erb:25:in `_app_views_microposts_show_html_erb___2527100664166766042_2219215500'
  /Users/Eric/Desktop/MarkdUp/app/controllers/microposts_controller.rb:43:in `show'2014-02-12 19:14:09[WARN] user: Eric
localhost:3000/list
N+1 Query detected
  Micropost => [:comments]
  Add to your finder: :include => [:comments]
N+1 Query method call stack
  N+1 Query method call stack
  N+1 Query method call stack
  N+1 Query method call stack
  N+1 Query method call stack
  N+1 Query method call stack
  N+1 Query method call stack
  N+1 Query method call stack
  N+1 Query method call stack
  /Users/Eric/Desktop/MarkdUp/app/views/microposts/show.html.erb:50:in `block in _app_views_microposts_show_html_erb___2527100664166766042_2197501600'
  /Users/Eric/Desktop/MarkdUp/app/views/microposts/show.html.erb:25:in `_app_views_microposts_show_html_erb___2527100664166766042_2197501600'
  /Users/Eric/Desktop/MarkdUp/app/controllers/microposts_controller.rb:43:in `show'2014-02-14 15:48:53[WARN] user: Eric
localhost:3000/list
N+1 Query detected
  Micropost => [:comments]
  Add to your finder: :include => [:comments]
N+1 Query method call stack
  N+1 Query method call stack
  N+1 Query method call stack
  N+1 Query method call stack
  N+1 Query method call stack
  N+1 Query method call stack
  N+1 Query method call stack
  N+1 Query method call stack
  N+1 Query method call stack
  /Users/Eric/Desktop/MarkdUp/app/views/microposts/show.html.erb:47:in `block in _app_views_microposts_show_html_erb___2527100664166766042_2214812800'
  /Users/Eric/Desktop/MarkdUp/app/views/microposts/show.html.erb:25:in `_app_views_microposts_show_html_erb___2527100664166766042_2214812800'
  /Users/Eric/Desktop/MarkdUp/app/controllers/microposts_controller.rb:43:in `show'2014-02-14 15:49:32[WARN] user: Eric
localhost:3000/list
N+1 Query detected
  Micropost => [:comments]
  Add to your finder: :include => [:comments]
N+1 Query method call stack
  N+1 Query method call stack
  N+1 Query method call stack
  N+1 Query method call stack
  N+1 Query method call stack
  N+1 Query method call stack
  N+1 Query method call stack
  N+1 Query method call stack
  N+1 Query method call stack
  /Users/Eric/Desktop/MarkdUp/app/views/microposts/show.html.erb:47:in `block in _app_views_microposts_show_html_erb___2527100664166766042_2209356080'
  /Users/Eric/Desktop/MarkdUp/app/views/microposts/show.html.erb:25:in `_app_views_microposts_show_html_erb___2527100664166766042_2209356080'
  /Users/Eric/Desktop/MarkdUp/app/controllers/microposts_controller.rb:43:in `show'2014-02-14 15:50:21[WARN] user: Eric
localhost:3000/list
N+1 Query detected
  Micropost => [:comments]
  Add to your finder: :include => [:comments]
N+1 Query method call stack
  N+1 Query method call stack
  N+1 Query method call stack
  N+1 Query method call stack
  N+1 Query method call stack
  N+1 Query method call stack
  N+1 Query method call stack
  N+1 Query method call stack
  N+1 Query method call stack
  /Users/Eric/Desktop/MarkdUp/app/views/microposts/show.html.erb:47:in `block in _app_views_microposts_show_html_erb___2527100664166766042_2208085120'
  /Users/Eric/Desktop/MarkdUp/app/views/microposts/show.html.erb:25:in `_app_views_microposts_show_html_erb___2527100664166766042_2208085120'
  /Users/Eric/Desktop/MarkdUp/app/controllers/microposts_controller.rb:43:in `show'2014-02-14 15:51:30[WARN] user: Eric
localhost:3000/list
N+1 Query detected
  Micropost => [:comments]
  Add to your finder: :include => [:comments]
N+1 Query method call stack
  N+1 Query method call stack
  N+1 Query method call stack
  N+1 Query method call stack
  N+1 Query method call stack
  N+1 Query method call stack
  N+1 Query method call stack
  N+1 Query method call stack
  N+1 Query method call stack
  /Users/Eric/Desktop/MarkdUp/app/views/microposts/show.html.erb:47:in `block in _app_views_microposts_show_html_erb___2527100664166766042_2208085120'
  /Users/Eric/Desktop/MarkdUp/app/views/microposts/show.html.erb:25:in `_app_views_microposts_show_html_erb___2527100664166766042_2208085120'
  /Users/Eric/Desktop/MarkdUp/app/controllers/microposts_controller.rb:43:in `show'2014-02-14 15:52:10[WARN] user: Eric
localhost:3000/list
N+1 Query detected
  Micropost => [:comments]
  Add to your finder: :include => [:comments]
N+1 Query method call stack
  N+1 Query method call stack
  N+1 Query method call stack
  N+1 Query method call stack
  N+1 Query method call stack
  N+1 Query method call stack
  N+1 Query method call stack
  N+1 Query method call stack
  N+1 Query method call stack
  /Users/Eric/Desktop/MarkdUp/app/views/microposts/show.html.erb:47:in `block in _app_views_microposts_show_html_erb___2527100664166766042_2208085120'
  /Users/Eric/Desktop/MarkdUp/app/views/microposts/show.html.erb:25:in `_app_views_microposts_show_html_erb___2527100664166766042_2208085120'
  /Users/Eric/Desktop/MarkdUp/app/controllers/microposts_controller.rb:43:in `show'2014-02-14 15:56:33[WARN] user: Eric
localhost:3000/list
N+1 Query detected
  Micropost => [:comments]
  Add to your finder: :include => [:comments]
N+1 Query method call stack
  N+1 Query method call stack
  N+1 Query method call stack
  N+1 Query method call stack
  N+1 Query method call stack
  N+1 Query method call stack
  N+1 Query method call stack
  N+1 Query method call stack
  N+1 Query method call stack
  /Users/Eric/Desktop/MarkdUp/app/views/microposts/show.html.erb:47:in `block in _app_views_microposts_show_html_erb__2627447591139855793_2192835040'
  /Users/Eric/Desktop/MarkdUp/app/views/microposts/show.html.erb:25:in `_app_views_microposts_show_html_erb__2627447591139855793_2192835040'
  /Users/Eric/Desktop/MarkdUp/app/controllers/microposts_controller.rb:43:in `show'2014-02-14 15:57:58[WARN] user: Eric
localhost:3000/list
N+1 Query detected
  Micropost => [:comments]
  Add to your finder: :include => [:comments]
N+1 Query method call stack
  N+1 Query method call stack
  N+1 Query method call stack
  N+1 Query method call stack
  N+1 Query method call stack
  N+1 Query method call stack
  N+1 Query method call stack
  N+1 Query method call stack
  N+1 Query method call stack
  /Users/Eric/Desktop/MarkdUp/app/views/microposts/show.html.erb:47:in `block in _app_views_microposts_show_html_erb__927624449405136341_2194099420'
  /Users/Eric/Desktop/MarkdUp/app/views/microposts/show.html.erb:25:in `_app_views_microposts_show_html_erb__927624449405136341_2194099420'
  /Users/Eric/Desktop/MarkdUp/app/controllers/microposts_controller.rb:43:in `show'2014-02-14 16:01:01[WARN] user: Eric
localhost:3000/list
N+1 Query detected
  Micropost => [:comments]
  Add to your finder: :include => [:comments]
N+1 Query method call stack
  N+1 Query method call stack
  N+1 Query method call stack
  N+1 Query method call stack
  N+1 Query method call stack
  N+1 Query method call stack
  N+1 Query method call stack
  N+1 Query method call stack
  N+1 Query method call stack
  /Users/Eric/Desktop/MarkdUp/app/views/microposts/show.html.erb:47:in `block in _app_views_microposts_show_html_erb__927624449405136341_2194099420'
  /Users/Eric/Desktop/MarkdUp/app/views/microposts/show.html.erb:25:in `_app_views_microposts_show_html_erb__927624449405136341_2194099420'
  /Users/Eric/Desktop/MarkdUp/app/controllers/microposts_controller.rb:43:in `show'2014-02-14 16:04:02[WARN] user: Eric
localhost:3000/list
N+1 Query detected
  Micropost => [:comments]
  Add to your finder: :include => [:comments]
N+1 Query method call stack
  N+1 Query method call stack
  N+1 Query method call stack
  N+1 Query method call stack
  N+1 Query method call stack
  N+1 Query method call stack
  N+1 Query method call stack
  N+1 Query method call stack
  N+1 Query method call stack
  /Users/Eric/Desktop/MarkdUp/app/views/microposts/show.html.erb:47:in `block in _app_views_microposts_show_html_erb__927624449405136341_2194099420'
  /Users/Eric/Desktop/MarkdUp/app/views/microposts/show.html.erb:25:in `_app_views_microposts_show_html_erb__927624449405136341_2194099420'
  /Users/Eric/Desktop/MarkdUp/app/controllers/microposts_controller.rb:43:in `show'2014-02-14 16:04:10[WARN] user: Eric
localhost:3000/list
N+1 Query detected
  Micropost => [:comments]
  Add to your finder: :include => [:comments]
N+1 Query method call stack
  N+1 Query method call stack
  N+1 Query method call stack
  N+1 Query method call stack
  N+1 Query method call stack
  N+1 Query method call stack
  N+1 Query method call stack
  N+1 Query method call stack
  N+1 Query method call stack
  /Users/Eric/Desktop/MarkdUp/app/views/microposts/show.html.erb:47:in `block in _app_views_microposts_show_html_erb__927624449405136341_2194099420'
  /Users/Eric/Desktop/MarkdUp/app/views/microposts/show.html.erb:25:in `_app_views_microposts_show_html_erb__927624449405136341_2194099420'
  /Users/Eric/Desktop/MarkdUp/app/controllers/microposts_controller.rb:43:in `show'2014-02-14 16:05:07[WARN] user: Eric
localhost:3000/list
N+1 Query detected
  Micropost => [:comments]
  Add to your finder: :include => [:comments]
N+1 Query method call stack
  N+1 Query method call stack
  N+1 Query method call stack
  N+1 Query method call stack
  N+1 Query method call stack
  N+1 Query method call stack
  N+1 Query method call stack
  N+1 Query method call stack
  N+1 Query method call stack
  /Users/Eric/Desktop/MarkdUp/app/views/microposts/show.html.erb:47:in `block in _app_views_microposts_show_html_erb__927624449405136341_2194099420'
  /Users/Eric/Desktop/MarkdUp/app/views/microposts/show.html.erb:25:in `_app_views_microposts_show_html_erb__927624449405136341_2194099420'
  /Users/Eric/Desktop/MarkdUp/app/controllers/microposts_controller.rb:43:in `show'2014-02-14 16:05:13[WARN] user: Eric
localhost:3000/list
N+1 Query detected
  Micropost => [:comments]
  Add to your finder: :include => [:comments]
N+1 Query method call stack
  N+1 Query method call stack
  N+1 Query method call stack
  N+1 Query method call stack
  N+1 Query method call stack
  N+1 Query method call stack
  N+1 Query method call stack
  N+1 Query method call stack
  N+1 Query method call stack
  /Users/Eric/Desktop/MarkdUp/app/views/microposts/show.html.erb:47:in `block in _app_views_microposts_show_html_erb__927624449405136341_2194099420'
  /Users/Eric/Desktop/MarkdUp/app/views/microposts/show.html.erb:25:in `_app_views_microposts_show_html_erb__927624449405136341_2194099420'
  /Users/Eric/Desktop/MarkdUp/app/controllers/microposts_controller.rb:43:in `show'2014-02-14 16:05:20[WARN] user: Eric
localhost:3000/list
N+1 Query detected
  Micropost => [:comments]
  Add to your finder: :include => [:comments]
N+1 Query method call stack
  N+1 Query method call stack
  N+1 Query method call stack
  N+1 Query method call stack
  N+1 Query method call stack
  N+1 Query method call stack
  N+1 Query method call stack
  N+1 Query method call stack
  N+1 Query method call stack
  /Users/Eric/Desktop/MarkdUp/app/views/microposts/show.html.erb:47:in `block in _app_views_microposts_show_html_erb__927624449405136341_2194099420'
  /Users/Eric/Desktop/MarkdUp/app/views/microposts/show.html.erb:25:in `_app_views_microposts_show_html_erb__927624449405136341_2194099420'
  /Users/Eric/Desktop/MarkdUp/app/controllers/microposts_controller.rb:43:in `show'2014-02-14 16:13:10[WARN] user: Eric
localhost:3000/list
N+1 Query detected
  Micropost => [:comments]
  Add to your finder: :include => [:comments]
N+1 Query method call stack
  N+1 Query method call stack
  N+1 Query method call stack
  N+1 Query method call stack
  N+1 Query method call stack
  N+1 Query method call stack
  N+1 Query method call stack
  N+1 Query method call stack
  N+1 Query method call stack
  /Users/Eric/Desktop/MarkdUp/app/views/microposts/show.html.erb:47:in `block in _app_views_microposts_show_html_erb__927624449405136341_2194099420'
  /Users/Eric/Desktop/MarkdUp/app/views/microposts/show.html.erb:25:in `_app_views_microposts_show_html_erb__927624449405136341_2194099420'
  /Users/Eric/Desktop/MarkdUp/app/controllers/microposts_controller.rb:43:in `show'2014-02-14 16:15:19[WARN] user: Eric
localhost:3000/list
N+1 Query detected
  Micropost => [:comments]
  Add to your finder: :include => [:comments]
N+1 Query method call stack
  N+1 Query method call stack
  N+1 Query method call stack
  N+1 Query method call stack
  N+1 Query method call stack
  N+1 Query method call stack
  N+1 Query method call stack
  N+1 Query method call stack
  N+1 Query method call stack
  /Users/Eric/Desktop/MarkdUp/app/views/microposts/show.html.erb:47:in `block in _app_views_microposts_show_html_erb__927624449405136341_2194099420'
  /Users/Eric/Desktop/MarkdUp/app/views/microposts/show.html.erb:25:in `_app_views_microposts_show_html_erb__927624449405136341_2194099420'
  /Users/Eric/Desktop/MarkdUp/app/controllers/microposts_controller.rb:43:in `show'2014-02-14 16:25:16[WARN] user: Eric
localhost:3000/list
N+1 Query detected
  Micropost => [:comments]
  Add to your finder: :include => [:comments]
N+1 Query method call stack
  N+1 Query method call stack
  N+1 Query method call stack
  N+1 Query method call stack
  N+1 Query method call stack
  N+1 Query method call stack
  N+1 Query method call stack
  N+1 Query method call stack
  N+1 Query method call stack
  /Users/Eric/Desktop/MarkdUp/app/views/microposts/show.html.erb:47:in `block in _app_views_microposts_show_html_erb__2206331930263031086_2194525840'
  /Users/Eric/Desktop/MarkdUp/app/views/microposts/show.html.erb:25:in `_app_views_microposts_show_html_erb__2206331930263031086_2194525840'
  /Users/Eric/Desktop/MarkdUp/app/controllers/microposts_controller.rb:43:in `show'2014-02-14 16:27:49[WARN] user: Eric
localhost:3000/list
N+1 Query detected
  Micropost => [:comments]
  Add to your finder: :include => [:comments]
N+1 Query method call stack
  N+1 Query method call stack
  N+1 Query method call stack
  N+1 Query method call stack
  N+1 Query method call stack
  N+1 Query method call stack
  N+1 Query method call stack
  N+1 Query method call stack
  N+1 Query method call stack
  /Users/Eric/Desktop/MarkdUp/app/views/microposts/show.html.erb:47:in `block in _app_views_microposts_show_html_erb__2206331930263031086_2194525840'
  /Users/Eric/Desktop/MarkdUp/app/views/microposts/show.html.erb:25:in `_app_views_microposts_show_html_erb__2206331930263031086_2194525840'
  /Users/Eric/Desktop/MarkdUp/app/controllers/microposts_controller.rb:43:in `show'2014-02-14 16:31:36[WARN] user: Eric
localhost:3000/list
N+1 Query detected
  Micropost => [:comments]
  Add to your finder: :include => [:comments]
N+1 Query method call stack
  N+1 Query method call stack
  N+1 Query method call stack
  N+1 Query method call stack
  N+1 Query method call stack
  N+1 Query method call stack
  N+1 Query method call stack
  N+1 Query method call stack
  N+1 Query method call stack
  /Users/Eric/Desktop/MarkdUp/app/views/microposts/show.html.erb:47:in `block in _app_views_microposts_show_html_erb__2206331930263031086_2194525840'
  /Users/Eric/Desktop/MarkdUp/app/views/microposts/show.html.erb:25:in `_app_views_microposts_show_html_erb__2206331930263031086_2194525840'
  /Users/Eric/Desktop/MarkdUp/app/controllers/microposts_controller.rb:43:in `show'2014-02-14 16:32:55[WARN] user: Eric
localhost:3000/list
N+1 Query detected
  Micropost => [:comments]
  Add to your finder: :include => [:comments]
N+1 Query method call stack
  N+1 Query method call stack
  N+1 Query method call stack
  N+1 Query method call stack
  N+1 Query method call stack
  N+1 Query method call stack
  N+1 Query method call stack
  N+1 Query method call stack
  N+1 Query method call stack
  /Users/Eric/Desktop/MarkdUp/app/views/microposts/show.html.erb:47:in `block in _app_views_microposts_show_html_erb__2206331930263031086_2194525840'
  /Users/Eric/Desktop/MarkdUp/app/views/microposts/show.html.erb:25:in `_app_views_microposts_show_html_erb__2206331930263031086_2194525840'
  /Users/Eric/Desktop/MarkdUp/app/controllers/microposts_controller.rb:43:in `show'2014-02-14 16:34:05[WARN] user: Eric
localhost:3000/list
N+1 Query detected
  Micropost => [:comments]
  Add to your finder: :include => [:comments]
N+1 Query method call stack
  N+1 Query method call stack
  N+1 Query method call stack
  N+1 Query method call stack
  N+1 Query method call stack
  N+1 Query method call stack
  N+1 Query method call stack
  N+1 Query method call stack
  N+1 Query method call stack
  /Users/Eric/Desktop/MarkdUp/app/views/microposts/show.html.erb:47:in `block in _app_views_microposts_show_html_erb__2206331930263031086_2194525840'
  /Users/Eric/Desktop/MarkdUp/app/views/microposts/show.html.erb:25:in `_app_views_microposts_show_html_erb__2206331930263031086_2194525840'
  /Users/Eric/Desktop/MarkdUp/app/controllers/microposts_controller.rb:43:in `show'2014-02-14 16:36:02[WARN] user: Eric
localhost:3000/list
N+1 Query detected
  Micropost => [:comments]
  Add to your finder: :include => [:comments]
N+1 Query method call stack
  N+1 Query method call stack
  N+1 Query method call stack
  N+1 Query method call stack
  N+1 Query method call stack
  N+1 Query method call stack
  N+1 Query method call stack
  N+1 Query method call stack
  N+1 Query method call stack
  /Users/Eric/Desktop/MarkdUp/app/views/microposts/show.html.erb:47:in `block in _app_views_microposts_show_html_erb__2206331930263031086_2194525840'
  /Users/Eric/Desktop/MarkdUp/app/views/microposts/show.html.erb:25:in `_app_views_microposts_show_html_erb__2206331930263031086_2194525840'
  /Users/Eric/Desktop/MarkdUp/app/controllers/microposts_controller.rb:43:in `show'2014-02-14 16:37:37[WARN] user: Eric
localhost:3000/list
N+1 Query detected
  Micropost => [:comments]
  Add to your finder: :include => [:comments]
N+1 Query method call stack
  N+1 Query method call stack
  N+1 Query method call stack
  N+1 Query method call stack
  N+1 Query method call stack
  N+1 Query method call stack
  N+1 Query method call stack
  N+1 Query method call stack
  N+1 Query method call stack
  /Users/Eric/Desktop/MarkdUp/app/views/microposts/show.html.erb:47:in `block in _app_views_microposts_show_html_erb__2206331930263031086_2194525840'
  /Users/Eric/Desktop/MarkdUp/app/views/microposts/show.html.erb:25:in `_app_views_microposts_show_html_erb__2206331930263031086_2194525840'
  /Users/Eric/Desktop/MarkdUp/app/controllers/microposts_controller.rb:43:in `show'2014-02-14 16:38:06[WARN] user: Eric
localhost:3000/list
N+1 Query detected
  Micropost => [:comments]
  Add to your finder: :include => [:comments]
N+1 Query method call stack
  N+1 Query method call stack
  N+1 Query method call stack
  N+1 Query method call stack
  N+1 Query method call stack
  N+1 Query method call stack
  N+1 Query method call stack
  N+1 Query method call stack
  N+1 Query method call stack
  /Users/Eric/Desktop/MarkdUp/app/views/microposts/show.html.erb:47:in `block in _app_views_microposts_show_html_erb__2206331930263031086_2194525840'
  /Users/Eric/Desktop/MarkdUp/app/views/microposts/show.html.erb:25:in `_app_views_microposts_show_html_erb__2206331930263031086_2194525840'
  /Users/Eric/Desktop/MarkdUp/app/controllers/microposts_controller.rb:43:in `show'2014-02-14 16:39:27[WARN] user: Eric
localhost:3000/list
N+1 Query detected
  Micropost => [:comments]
  Add to your finder: :include => [:comments]
N+1 Query method call stack
  N+1 Query method call stack
  N+1 Query method call stack
  N+1 Query method call stack
  N+1 Query method call stack
  N+1 Query method call stack
  N+1 Query method call stack
  N+1 Query method call stack
  N+1 Query method call stack
  /Users/Eric/Desktop/MarkdUp/app/views/microposts/show.html.erb:47:in `block in _app_views_microposts_show_html_erb__2206331930263031086_2194525840'
  /Users/Eric/Desktop/MarkdUp/app/views/microposts/show.html.erb:25:in `_app_views_microposts_show_html_erb__2206331930263031086_2194525840'
  /Users/Eric/Desktop/MarkdUp/app/controllers/microposts_controller.rb:43:in `show'2014-02-14 16:42:09[WARN] user: Eric
localhost:3000/list
N+1 Query detected
  Micropost => [:comments]
  Add to your finder: :include => [:comments]
N+1 Query method call stack
  N+1 Query method call stack
  N+1 Query method call stack
  N+1 Query method call stack
  N+1 Query method call stack
  N+1 Query method call stack
  N+1 Query method call stack
  N+1 Query method call stack
  N+1 Query method call stack
  /Users/Eric/Desktop/MarkdUp/app/views/microposts/show.html.erb:47:in `block in _app_views_microposts_show_html_erb__2206331930263031086_2194525840'
  /Users/Eric/Desktop/MarkdUp/app/views/microposts/show.html.erb:25:in `_app_views_microposts_show_html_erb__2206331930263031086_2194525840'
  /Users/Eric/Desktop/MarkdUp/app/controllers/microposts_controller.rb:43:in `show'2014-02-14 16:51:42[WARN] user: Eric
localhost:3000/list
N+1 Query detected
  Micropost => [:comments]
  Add to your finder: :include => [:comments]
N+1 Query method call stack
  N+1 Query method call stack
  N+1 Query method call stack
  N+1 Query method call stack
  N+1 Query method call stack
  N+1 Query method call stack
  N+1 Query method call stack
  N+1 Query method call stack
  N+1 Query method call stack
  /Users/Eric/Desktop/MarkdUp/app/views/microposts/show.html.erb:47:in `block in _app_views_microposts_show_html_erb__2206331930263031086_2210500940'
  /Users/Eric/Desktop/MarkdUp/app/views/microposts/show.html.erb:25:in `_app_views_microposts_show_html_erb__2206331930263031086_2210500940'
  /Users/Eric/Desktop/MarkdUp/app/controllers/microposts_controller.rb:43:in `show'2014-02-14 16:53:54[WARN] user: Eric
localhost:3000/list
N+1 Query detected
  Micropost => [:comments]
  Add to your finder: :include => [:comments]
N+1 Query method call stack
  N+1 Query method call stack
  N+1 Query method call stack
  N+1 Query method call stack
  N+1 Query method call stack
  N+1 Query method call stack
  N+1 Query method call stack
  N+1 Query method call stack
  N+1 Query method call stack
  /Users/Eric/Desktop/MarkdUp/app/views/microposts/show.html.erb:47:in `block in _app_views_microposts_show_html_erb__2206331930263031086_2210500940'
  /Users/Eric/Desktop/MarkdUp/app/views/microposts/show.html.erb:25:in `_app_views_microposts_show_html_erb__2206331930263031086_2210500940'
  /Users/Eric/Desktop/MarkdUp/app/controllers/microposts_controller.rb:43:in `show'2014-02-14 16:56:05[WARN] user: Eric
localhost:3000/list
N+1 Query detected
  Micropost => [:comments]
  Add to your finder: :include => [:comments]
N+1 Query method call stack
  N+1 Query method call stack
  N+1 Query method call stack
  N+1 Query method call stack
  N+1 Query method call stack
  N+1 Query method call stack
  N+1 Query method call stack
  N+1 Query method call stack
  N+1 Query method call stack
  /Users/Eric/Desktop/MarkdUp/app/views/microposts/show.html.erb:47:in `block in _app_views_microposts_show_html_erb__2206331930263031086_2210500940'
  /Users/Eric/Desktop/MarkdUp/app/views/microposts/show.html.erb:25:in `_app_views_microposts_show_html_erb__2206331930263031086_2210500940'
  /Users/Eric/Desktop/MarkdUp/app/controllers/microposts_controller.rb:43:in `show'2014-02-14 17:01:50[WARN] user: Eric
localhost:3000/list
N+1 Query detected
  Micropost => [:comments]
  Add to your finder: :include => [:comments]
N+1 Query method call stack
  N+1 Query method call stack
  N+1 Query method call stack
  N+1 Query method call stack
  N+1 Query method call stack
  N+1 Query method call stack
  N+1 Query method call stack
  N+1 Query method call stack
  N+1 Query method call stack
  /Users/Eric/Desktop/MarkdUp/app/views/microposts/show.html.erb:47:in `block in _app_views_microposts_show_html_erb__2206331930263031086_2210500940'
  /Users/Eric/Desktop/MarkdUp/app/views/microposts/show.html.erb:25:in `_app_views_microposts_show_html_erb__2206331930263031086_2210500940'
  /Users/Eric/Desktop/MarkdUp/app/controllers/microposts_controller.rb:43:in `show'2014-02-14 17:04:59[WARN] user: Eric
localhost:3000/list
N+1 Query detected
  Micropost => [:comments]
  Add to your finder: :include => [:comments]
N+1 Query method call stack
  N+1 Query method call stack
  N+1 Query method call stack
  N+1 Query method call stack
  N+1 Query method call stack
  N+1 Query method call stack
  N+1 Query method call stack
  N+1 Query method call stack
  N+1 Query method call stack
  /Users/Eric/Desktop/MarkdUp/app/views/microposts/show.html.erb:47:in `block in _app_views_microposts_show_html_erb__2206331930263031086_2210500940'
  /Users/Eric/Desktop/MarkdUp/app/views/microposts/show.html.erb:25:in `_app_views_microposts_show_html_erb__2206331930263031086_2210500940'
  /Users/Eric/Desktop/MarkdUp/app/controllers/microposts_controller.rb:43:in `show'2014-02-14 17:07:23[WARN] user: Eric
localhost:3000/list
N+1 Query detected
  Micropost => [:comments]
  Add to your finder: :include => [:comments]
N+1 Query method call stack
  N+1 Query method call stack
  N+1 Query method call stack
  N+1 Query method call stack
  N+1 Query method call stack
  N+1 Query method call stack
  N+1 Query method call stack
  N+1 Query method call stack
  N+1 Query method call stack
  /Users/Eric/Desktop/MarkdUp/app/views/microposts/show.html.erb:47:in `block in _app_views_microposts_show_html_erb__2206331930263031086_2210500940'
  /Users/Eric/Desktop/MarkdUp/app/views/microposts/show.html.erb:25:in `_app_views_microposts_show_html_erb__2206331930263031086_2210500940'
  /Users/Eric/Desktop/MarkdUp/app/controllers/microposts_controller.rb:43:in `show'2014-02-14 17:12:00[WARN] user: Eric
localhost:3000/list
N+1 Query detected
  Micropost => [:comments]
  Add to your finder: :include => [:comments]
N+1 Query method call stack
  N+1 Query method call stack
  N+1 Query method call stack
  N+1 Query method call stack
  N+1 Query method call stack
  N+1 Query method call stack
  N+1 Query method call stack
  N+1 Query method call stack
  N+1 Query method call stack
  /Users/Eric/Desktop/MarkdUp/app/views/microposts/show.html.erb:47:in `block in _app_views_microposts_show_html_erb__2206331930263031086_2210500940'
  /Users/Eric/Desktop/MarkdUp/app/views/microposts/show.html.erb:25:in `_app_views_microposts_show_html_erb__2206331930263031086_2210500940'
  /Users/Eric/Desktop/MarkdUp/app/controllers/microposts_controller.rb:43:in `show'2014-02-14 17:12:19[WARN] user: Eric
localhost:3000/list
N+1 Query detected
  Micropost => [:comments]
  Add to your finder: :include => [:comments]
N+1 Query method call stack
  N+1 Query method call stack
  N+1 Query method call stack
  N+1 Query method call stack
  N+1 Query method call stack
  N+1 Query method call stack
  N+1 Query method call stack
  N+1 Query method call stack
  N+1 Query method call stack
  /Users/Eric/Desktop/MarkdUp/app/views/microposts/show.html.erb:47:in `block in _app_views_microposts_show_html_erb__2206331930263031086_2210500940'
  /Users/Eric/Desktop/MarkdUp/app/views/microposts/show.html.erb:25:in `_app_views_microposts_show_html_erb__2206331930263031086_2210500940'
  /Users/Eric/Desktop/MarkdUp/app/controllers/microposts_controller.rb:43:in `show'2014-02-14 17:16:29[WARN] user: Eric
localhost:3000/list
N+1 Query detected
  Micropost => [:comments]
  Add to your finder: :include => [:comments]
N+1 Query method call stack
  N+1 Query method call stack
  N+1 Query method call stack
  N+1 Query method call stack
  N+1 Query method call stack
  N+1 Query method call stack
  N+1 Query method call stack
  N+1 Query method call stack
  N+1 Query method call stack
  /Users/Eric/Desktop/MarkdUp/app/views/microposts/show.html.erb:47:in `block in _app_views_microposts_show_html_erb__2206331930263031086_2210500940'
  /Users/Eric/Desktop/MarkdUp/app/views/microposts/show.html.erb:25:in `_app_views_microposts_show_html_erb__2206331930263031086_2210500940'
  /Users/Eric/Desktop/MarkdUp/app/controllers/microposts_controller.rb:43:in `show'2014-02-14 17:23:06[WARN] user: Eric
localhost:3000/list
N+1 Query detected
  Micropost => [:comments]
  Add to your finder: :include => [:comments]
N+1 Query method call stack
  N+1 Query method call stack
  N+1 Query method call stack
  N+1 Query method call stack
  N+1 Query method call stack
  N+1 Query method call stack
  N+1 Query method call stack
  N+1 Query method call stack
  N+1 Query method call stack
  /Users/Eric/Desktop/MarkdUp/app/views/microposts/show.html.erb:47:in `block in _app_views_microposts_show_html_erb__2206331930263031086_2210500940'
  /Users/Eric/Desktop/MarkdUp/app/views/microposts/show.html.erb:25:in `_app_views_microposts_show_html_erb__2206331930263031086_2210500940'
  /Users/Eric/Desktop/MarkdUp/app/controllers/microposts_controller.rb:43:in `show'2014-02-14 17:24:58[WARN] user: Eric
localhost:3000/list
N+1 Query detected
  Micropost => [:comments]
  Add to your finder: :include => [:comments]
N+1 Query method call stack
  N+1 Query method call stack
  N+1 Query method call stack
  N+1 Query method call stack
  N+1 Query method call stack
  N+1 Query method call stack
  N+1 Query method call stack
  N+1 Query method call stack
  N+1 Query method call stack
  /Users/Eric/Desktop/MarkdUp/app/views/microposts/show.html.erb:47:in `block in _app_views_microposts_show_html_erb__2206331930263031086_2210500940'
  /Users/Eric/Desktop/MarkdUp/app/views/microposts/show.html.erb:25:in `_app_views_microposts_show_html_erb__2206331930263031086_2210500940'
  /Users/Eric/Desktop/MarkdUp/app/controllers/microposts_controller.rb:43:in `show'2014-02-14 17:26:33[WARN] user: Eric
localhost:3000/list
N+1 Query detected
  Micropost => [:comments]
  Add to your finder: :include => [:comments]
N+1 Query method call stack
  N+1 Query method call stack
  N+1 Query method call stack
  N+1 Query method call stack
  N+1 Query method call stack
  N+1 Query method call stack
  N+1 Query method call stack
  N+1 Query method call stack
  N+1 Query method call stack
  /Users/Eric/Desktop/MarkdUp/app/views/microposts/show.html.erb:47:in `block in _app_views_microposts_show_html_erb__2973554000657278382_2179151080'
  /Users/Eric/Desktop/MarkdUp/app/views/microposts/show.html.erb:25:in `_app_views_microposts_show_html_erb__2973554000657278382_2179151080'
  /Users/Eric/Desktop/MarkdUp/app/controllers/microposts_controller.rb:43:in `show'2014-02-14 17:32:51[WARN] user: Eric
localhost:3000/list
N+1 Query detected
  Micropost => [:comments]
  Add to your finder: :include => [:comments]
N+1 Query method call stack
  N+1 Query method call stack
  N+1 Query method call stack
  N+1 Query method call stack
  N+1 Query method call stack
  N+1 Query method call stack
  N+1 Query method call stack
  N+1 Query method call stack
  N+1 Query method call stack
  /Users/Eric/Desktop/MarkdUp/app/views/microposts/show.html.erb:47:in `block in _app_views_microposts_show_html_erb__2973554000657278382_2179151080'
  /Users/Eric/Desktop/MarkdUp/app/views/microposts/show.html.erb:25:in `_app_views_microposts_show_html_erb__2973554000657278382_2179151080'
  /Users/Eric/Desktop/MarkdUp/app/controllers/microposts_controller.rb:43:in `show'2014-02-14 17:43:06[WARN] user: Eric
localhost:3000/list
N+1 Query detected
  Micropost => [:comments]
  Add to your finder: :include => [:comments]
N+1 Query method call stack
  N+1 Query method call stack
  N+1 Query method call stack
  N+1 Query method call stack
  N+1 Query method call stack
  N+1 Query method call stack
  N+1 Query method call stack
  N+1 Query method call stack
  N+1 Query method call stack
  /Users/Eric/Desktop/MarkdUp/app/views/microposts/show.html.erb:47:in `block in _app_views_microposts_show_html_erb__2973554000657278382_2178736980'
  /Users/Eric/Desktop/MarkdUp/app/views/microposts/show.html.erb:25:in `_app_views_microposts_show_html_erb__2973554000657278382_2178736980'
  /Users/Eric/Desktop/MarkdUp/app/controllers/microposts_controller.rb:43:in `show'2014-02-14 17:52:52[WARN] user: Eric
localhost:3000/list
N+1 Query detected
  Micropost => [:comments]
  Add to your finder: :include => [:comments]
N+1 Query method call stack
  N+1 Query method call stack
  N+1 Query method call stack
  N+1 Query method call stack
  N+1 Query method call stack
  N+1 Query method call stack
  N+1 Query method call stack
  N+1 Query method call stack
  N+1 Query method call stack
  /Users/Eric/Desktop/MarkdUp/app/views/microposts/show.html.erb:47:in `block in _app_views_microposts_show_html_erb__2973554000657278382_2178736980'
  /Users/Eric/Desktop/MarkdUp/app/views/microposts/show.html.erb:25:in `_app_views_microposts_show_html_erb__2973554000657278382_2178736980'
  /Users/Eric/Desktop/MarkdUp/app/controllers/microposts_controller.rb:43:in `show'2014-02-14 18:01:05[WARN] user: Eric
localhost:3000/list
N+1 Query detected
  Micropost => [:comments]
  Add to your finder: :include => [:comments]
N+1 Query method call stack
  N+1 Query method call stack
  N+1 Query method call stack
  N+1 Query method call stack
  N+1 Query method call stack
  N+1 Query method call stack
  N+1 Query method call stack
  N+1 Query method call stack
  N+1 Query method call stack
  /Users/Eric/Desktop/MarkdUp/app/views/microposts/show.html.erb:47:in `block in _app_views_microposts_show_html_erb__2973554000657278382_2178736980'
  /Users/Eric/Desktop/MarkdUp/app/views/microposts/show.html.erb:25:in `_app_views_microposts_show_html_erb__2973554000657278382_2178736980'
  /Users/Eric/Desktop/MarkdUp/app/controllers/microposts_controller.rb:43:in `show'2014-02-14 18:21:54[WARN] user: Eric
localhost:3000/list
N+1 Query detected
  Micropost => [:comments]
  Add to your finder: :include => [:comments]
N+1 Query method call stack
  N+1 Query method call stack
  N+1 Query method call stack
  N+1 Query method call stack
  N+1 Query method call stack
  N+1 Query method call stack
  N+1 Query method call stack
  N+1 Query method call stack
  N+1 Query method call stack
  /Users/Eric/Desktop/MarkdUp/app/views/microposts/show.html.erb:47:in `block in _app_views_microposts_show_html_erb__2973554000657278382_2178736980'
  /Users/Eric/Desktop/MarkdUp/app/views/microposts/show.html.erb:25:in `_app_views_microposts_show_html_erb__2973554000657278382_2178736980'
  /Users/Eric/Desktop/MarkdUp/app/controllers/microposts_controller.rb:43:in `show'2014-02-14 18:22:32[WARN] user: Eric
localhost:3000/list
N+1 Query detected
  Micropost => [:comments]
  Add to your finder: :include => [:comments]
N+1 Query method call stack
  N+1 Query method call stack
  N+1 Query method call stack
  N+1 Query method call stack
  N+1 Query method call stack
  N+1 Query method call stack
  N+1 Query method call stack
  N+1 Query method call stack
  N+1 Query method call stack
  /Users/Eric/Desktop/MarkdUp/app/views/microposts/show.html.erb:47:in `block in _app_views_microposts_show_html_erb__2973554000657278382_2178736980'
  /Users/Eric/Desktop/MarkdUp/app/views/microposts/show.html.erb:25:in `_app_views_microposts_show_html_erb__2973554000657278382_2178736980'
  /Users/Eric/Desktop/MarkdUp/app/controllers/microposts_controller.rb:43:in `show'2014-02-14 18:23:01[WARN] user: Eric
localhost:3000/list
N+1 Query detected
  Micropost => [:comments]
  Add to your finder: :include => [:comments]
N+1 Query method call stack
  N+1 Query method call stack
  N+1 Query method call stack
  N+1 Query method call stack
  N+1 Query method call stack
  N+1 Query method call stack
  N+1 Query method call stack
  N+1 Query method call stack
  N+1 Query method call stack
  /Users/Eric/Desktop/MarkdUp/app/views/microposts/show.html.erb:47:in `block in _app_views_microposts_show_html_erb__2973554000657278382_2178736980'
  /Users/Eric/Desktop/MarkdUp/app/views/microposts/show.html.erb:25:in `_app_views_microposts_show_html_erb__2973554000657278382_2178736980'
  /Users/Eric/Desktop/MarkdUp/app/controllers/microposts_controller.rb:43:in `show'2014-02-14 18:33:25[WARN] user: Eric
localhost:3000/list
N+1 Query detected
  Micropost => [:comments]
  Add to your finder: :include => [:comments]
N+1 Query method call stack
  N+1 Query method call stack
  N+1 Query method call stack
  N+1 Query method call stack
  N+1 Query method call stack
  N+1 Query method call stack
  N+1 Query method call stack
  N+1 Query method call stack
  N+1 Query method call stack
  /Users/Eric/Desktop/MarkdUp/app/views/microposts/show.html.erb:47:in `block in _app_views_microposts_show_html_erb__2973554000657278382_2178736980'
  /Users/Eric/Desktop/MarkdUp/app/views/microposts/show.html.erb:25:in `_app_views_microposts_show_html_erb__2973554000657278382_2178736980'
  /Users/Eric/Desktop/MarkdUp/app/controllers/microposts_controller.rb:43:in `show'2014-02-14 20:14:25[WARN] user: Eric
localhost:3000/list
N+1 Query detected
  Micropost => [:comments]
  Add to your finder: :include => [:comments]
N+1 Query method call stack
  N+1 Query method call stack
  N+1 Query method call stack
  N+1 Query method call stack
  N+1 Query method call stack
  N+1 Query method call stack
  N+1 Query method call stack
  N+1 Query method call stack
  N+1 Query method call stack
  /Users/Eric/Desktop/MarkdUp/app/views/microposts/show.html.erb:47:in `block in _app_views_microposts_show_html_erb__2642517945566917496_70314921006280'
  /Users/Eric/Desktop/MarkdUp/app/views/microposts/show.html.erb:25:in `_app_views_microposts_show_html_erb__2642517945566917496_70314921006280'
  /Users/Eric/Desktop/MarkdUp/app/controllers/microposts_controller.rb:43:in `show'2014-02-14 20:18:20[WARN] user: Eric
localhost:3000/list
N+1 Query detected
  Micropost => [:comments]
  Add to your finder: :include => [:comments]
N+1 Query method call stack
  N+1 Query method call stack
  N+1 Query method call stack
  N+1 Query method call stack
  N+1 Query method call stack
  N+1 Query method call stack
  N+1 Query method call stack
  N+1 Query method call stack
  N+1 Query method call stack
  /Users/Eric/Desktop/MarkdUp/app/views/microposts/show.html.erb:47:in `block in _app_views_microposts_show_html_erb__2642517945566917496_70314921006280'
  /Users/Eric/Desktop/MarkdUp/app/views/microposts/show.html.erb:25:in `_app_views_microposts_show_html_erb__2642517945566917496_70314921006280'
  /Users/Eric/Desktop/MarkdUp/app/controllers/microposts_controller.rb:43:in `show'2014-02-14 20:18:28[WARN] user: Eric
localhost:3000/list
N+1 Query detected
  Micropost => [:comments]
  Add to your finder: :include => [:comments]
N+1 Query method call stack
  N+1 Query method call stack
  N+1 Query method call stack
  N+1 Query method call stack
  N+1 Query method call stack
  N+1 Query method call stack
  N+1 Query method call stack
  N+1 Query method call stack
  N+1 Query method call stack
  /Users/Eric/Desktop/MarkdUp/app/views/microposts/show.html.erb:47:in `block in _app_views_microposts_show_html_erb__2642517945566917496_70314921006280'
  /Users/Eric/Desktop/MarkdUp/app/views/microposts/show.html.erb:25:in `_app_views_microposts_show_html_erb__2642517945566917496_70314921006280'
  /Users/Eric/Desktop/MarkdUp/app/controllers/microposts_controller.rb:43:in `show'2014-02-14 20:24:12[WARN] user: Eric
localhost:3000/list
N+1 Query detected
  Micropost => [:comments]
  Add to your finder: :include => [:comments]
N+1 Query method call stack
  N+1 Query method call stack
  N+1 Query method call stack
  N+1 Query method call stack
  N+1 Query method call stack
  N+1 Query method call stack
  N+1 Query method call stack
  N+1 Query method call stack
  N+1 Query method call stack
  /Users/Eric/Desktop/MarkdUp/app/views/microposts/show.html.erb:47:in `block in _app_views_microposts_show_html_erb__2642517945566917496_70314921006280'
  /Users/Eric/Desktop/MarkdUp/app/views/microposts/show.html.erb:25:in `_app_views_microposts_show_html_erb__2642517945566917496_70314921006280'
  /Users/Eric/Desktop/MarkdUp/app/controllers/microposts_controller.rb:43:in `show'2014-02-14 20:31:39[WARN] user: Eric
localhost:3000/list
N+1 Query detected
  Micropost => [:comments]
  Add to your finder: :include => [:comments]
N+1 Query method call stack
  N+1 Query method call stack
  N+1 Query method call stack
  N+1 Query method call stack
  N+1 Query method call stack
  N+1 Query method call stack
  N+1 Query method call stack
  N+1 Query method call stack
  N+1 Query method call stack
  /Users/Eric/Desktop/MarkdUp/app/views/microposts/show.html.erb:47:in `block in _app_views_microposts_show_html_erb__2642517945566917496_70314921006280'
  /Users/Eric/Desktop/MarkdUp/app/views/microposts/show.html.erb:25:in `_app_views_microposts_show_html_erb__2642517945566917496_70314921006280'
  /Users/Eric/Desktop/MarkdUp/app/controllers/microposts_controller.rb:43:in `show'2014-02-14 20:32:24[WARN] user: Eric
localhost:3000/list
N+1 Query detected
  Micropost => [:comments]
  Add to your finder: :include => [:comments]
N+1 Query method call stack
  N+1 Query method call stack
  N+1 Query method call stack
  N+1 Query method call stack
  N+1 Query method call stack
  N+1 Query method call stack
  N+1 Query method call stack
  N+1 Query method call stack
  N+1 Query method call stack
  /Users/Eric/Desktop/MarkdUp/app/views/microposts/show.html.erb:47:in `block in _app_views_microposts_show_html_erb__2642517945566917496_70314921006280'
  /Users/Eric/Desktop/MarkdUp/app/views/microposts/show.html.erb:25:in `_app_views_microposts_show_html_erb__2642517945566917496_70314921006280'
  /Users/Eric/Desktop/MarkdUp/app/controllers/microposts_controller.rb:43:in `show'2014-02-14 20:36:16[WARN] user: Eric
localhost:3000/list
N+1 Query detected
  Micropost => [:comments]
  Add to your finder: :include => [:comments]
N+1 Query method call stack
  N+1 Query method call stack
  N+1 Query method call stack
  N+1 Query method call stack
  N+1 Query method call stack
  N+1 Query method call stack
  N+1 Query method call stack
  N+1 Query method call stack
  N+1 Query method call stack
  /Users/Eric/Desktop/MarkdUp/app/views/microposts/show.html.erb:47:in `block in _app_views_microposts_show_html_erb__2642517945566917496_70314921006280'
  /Users/Eric/Desktop/MarkdUp/app/views/microposts/show.html.erb:25:in `_app_views_microposts_show_html_erb__2642517945566917496_70314921006280'
  /Users/Eric/Desktop/MarkdUp/app/controllers/microposts_controller.rb:43:in `show'2014-02-14 20:37:05[WARN] user: Eric
localhost:3000/list
N+1 Query detected
  Micropost => [:comments]
  Add to your finder: :include => [:comments]
N+1 Query method call stack
  N+1 Query method call stack
  N+1 Query method call stack
  N+1 Query method call stack
  N+1 Query method call stack
  N+1 Query method call stack
  N+1 Query method call stack
  N+1 Query method call stack
  N+1 Query method call stack
  /Users/Eric/Desktop/MarkdUp/app/views/microposts/show.html.erb:47:in `block in _app_views_microposts_show_html_erb__2642517945566917496_70314921006280'
  /Users/Eric/Desktop/MarkdUp/app/views/microposts/show.html.erb:25:in `_app_views_microposts_show_html_erb__2642517945566917496_70314921006280'
  /Users/Eric/Desktop/MarkdUp/app/controllers/microposts_controller.rb:43:in `show'2014-02-14 20:37:49[WARN] user: Eric
localhost:3000/list
N+1 Query detected
  Micropost => [:comments]
  Add to your finder: :include => [:comments]
N+1 Query method call stack
  N+1 Query method call stack
  N+1 Query method call stack
  N+1 Query method call stack
  N+1 Query method call stack
  N+1 Query method call stack
  N+1 Query method call stack
  N+1 Query method call stack
  N+1 Query method call stack
  /Users/Eric/Desktop/MarkdUp/app/views/microposts/show.html.erb:47:in `block in _app_views_microposts_show_html_erb__2642517945566917496_70314921006280'
  /Users/Eric/Desktop/MarkdUp/app/views/microposts/show.html.erb:25:in `_app_views_microposts_show_html_erb__2642517945566917496_70314921006280'
  /Users/Eric/Desktop/MarkdUp/app/controllers/microposts_controller.rb:43:in `show'2014-02-14 20:37:58[WARN] user: Eric
localhost:3000/list
N+1 Query detected
  Micropost => [:comments]
  Add to your finder: :include => [:comments]
N+1 Query method call stack
  N+1 Query method call stack
  N+1 Query method call stack
  N+1 Query method call stack
  N+1 Query method call stack
  N+1 Query method call stack
  N+1 Query method call stack
  N+1 Query method call stack
  N+1 Query method call stack
  /Users/Eric/Desktop/MarkdUp/app/views/microposts/show.html.erb:47:in `block in _app_views_microposts_show_html_erb__2642517945566917496_70314921006280'
  /Users/Eric/Desktop/MarkdUp/app/views/microposts/show.html.erb:25:in `_app_views_microposts_show_html_erb__2642517945566917496_70314921006280'
  /Users/Eric/Desktop/MarkdUp/app/controllers/microposts_controller.rb:43:in `show'2014-02-14 20:40:24[WARN] user: Eric
localhost:3000/list
N+1 Query detected
  Micropost => [:comments]
  Add to your finder: :include => [:comments]
N+1 Query method call stack
  N+1 Query method call stack
  N+1 Query method call stack
  N+1 Query method call stack
  N+1 Query method call stack
  N+1 Query method call stack
  N+1 Query method call stack
  N+1 Query method call stack
  N+1 Query method call stack
  /Users/Eric/Desktop/MarkdUp/app/views/microposts/show.html.erb:47:in `block in _app_views_microposts_show_html_erb__2642517945566917496_70314921006280'
  /Users/Eric/Desktop/MarkdUp/app/views/microposts/show.html.erb:25:in `_app_views_microposts_show_html_erb__2642517945566917496_70314921006280'
  /Users/Eric/Desktop/MarkdUp/app/controllers/microposts_controller.rb:43:in `show'2014-02-14 20:42:03[WARN] user: Eric
localhost:3000/list
N+1 Query detected
  Micropost => [:comments]
  Add to your finder: :include => [:comments]
N+1 Query method call stack
  N+1 Query method call stack
  N+1 Query method call stack
  N+1 Query method call stack
  N+1 Query method call stack
  N+1 Query method call stack
  N+1 Query method call stack
  N+1 Query method call stack
  N+1 Query method call stack
  /Users/Eric/Desktop/MarkdUp/app/views/microposts/show.html.erb:47:in `block in _app_views_microposts_show_html_erb__2642517945566917496_70314921006280'
  /Users/Eric/Desktop/MarkdUp/app/views/microposts/show.html.erb:25:in `_app_views_microposts_show_html_erb__2642517945566917496_70314921006280'
  /Users/Eric/Desktop/MarkdUp/app/controllers/microposts_controller.rb:43:in `show'2014-02-14 20:46:05[WARN] user: Eric
localhost:3000/list
N+1 Query detected
  Micropost => [:comments]
  Add to your finder: :include => [:comments]
N+1 Query method call stack
  N+1 Query method call stack
  N+1 Query method call stack
  N+1 Query method call stack
  N+1 Query method call stack
  N+1 Query method call stack
  N+1 Query method call stack
  N+1 Query method call stack
  N+1 Query method call stack
  /Users/Eric/Desktop/MarkdUp/app/views/microposts/show.html.erb:47:in `block in _app_views_microposts_show_html_erb__2642517945566917496_70314921006280'
  /Users/Eric/Desktop/MarkdUp/app/views/microposts/show.html.erb:25:in `_app_views_microposts_show_html_erb__2642517945566917496_70314921006280'
  /Users/Eric/Desktop/MarkdUp/app/controllers/microposts_controller.rb:43:in `show'2014-02-14 20:46:19[WARN] user: Eric
localhost:3000/list
N+1 Query detected
  Micropost => [:comments]
  Add to your finder: :include => [:comments]
N+1 Query method call stack
  N+1 Query method call stack
  N+1 Query method call stack
  N+1 Query method call stack
  N+1 Query method call stack
  N+1 Query method call stack
  N+1 Query method call stack
  N+1 Query method call stack
  N+1 Query method call stack
  /Users/Eric/Desktop/MarkdUp/app/views/microposts/show.html.erb:47:in `block in _app_views_microposts_show_html_erb__2642517945566917496_70314921006280'
  /Users/Eric/Desktop/MarkdUp/app/views/microposts/show.html.erb:25:in `_app_views_microposts_show_html_erb__2642517945566917496_70314921006280'
  /Users/Eric/Desktop/MarkdUp/app/controllers/microposts_controller.rb:43:in `show'2014-02-14 20:51:00[WARN] user: Eric
localhost:3000/list
N+1 Query detected
  Micropost => [:comments]
  Add to your finder: :include => [:comments]
N+1 Query method call stack
  N+1 Query method call stack
  N+1 Query method call stack
  N+1 Query method call stack
  N+1 Query method call stack
  N+1 Query method call stack
  N+1 Query method call stack
  N+1 Query method call stack
  N+1 Query method call stack
  /Users/Eric/Desktop/MarkdUp/app/views/microposts/show.html.erb:47:in `block in _app_views_microposts_show_html_erb__2642517945566917496_70314921006280'
  /Users/Eric/Desktop/MarkdUp/app/views/microposts/show.html.erb:25:in `_app_views_microposts_show_html_erb__2642517945566917496_70314921006280'
  /Users/Eric/Desktop/MarkdUp/app/controllers/microposts_controller.rb:43:in `show'2014-02-14 20:52:30[WARN] user: Eric
localhost:3000/list
N+1 Query detected
  Micropost => [:comments]
  Add to your finder: :include => [:comments]
N+1 Query method call stack
  N+1 Query method call stack
  N+1 Query method call stack
  N+1 Query method call stack
  N+1 Query method call stack
  N+1 Query method call stack
  N+1 Query method call stack
  N+1 Query method call stack
  N+1 Query method call stack
  /Users/Eric/Desktop/MarkdUp/app/views/microposts/show.html.erb:47:in `block in _app_views_microposts_show_html_erb__2642517945566917496_70314921006280'
  /Users/Eric/Desktop/MarkdUp/app/views/microposts/show.html.erb:25:in `_app_views_microposts_show_html_erb__2642517945566917496_70314921006280'
  /Users/Eric/Desktop/MarkdUp/app/controllers/microposts_controller.rb:43:in `show'2014-02-14 20:52:39[WARN] user: Eric
localhost:3000/list
N+1 Query detected
  Micropost => [:comments]
  Add to your finder: :include => [:comments]
N+1 Query method call stack
  N+1 Query method call stack
  N+1 Query method call stack
  N+1 Query method call stack
  N+1 Query method call stack
  N+1 Query method call stack
  N+1 Query method call stack
  N+1 Query method call stack
  N+1 Query method call stack
  /Users/Eric/Desktop/MarkdUp/app/views/microposts/show.html.erb:47:in `block in _app_views_microposts_show_html_erb__2642517945566917496_70314921006280'
  /Users/Eric/Desktop/MarkdUp/app/views/microposts/show.html.erb:25:in `_app_views_microposts_show_html_erb__2642517945566917496_70314921006280'
  /Users/Eric/Desktop/MarkdUp/app/controllers/microposts_controller.rb:43:in `show'2014-02-14 20:57:16[WARN] user: Eric
localhost:3000/list
N+1 Query detected
  Micropost => [:comments]
  Add to your finder: :include => [:comments]
N+1 Query method call stack
  N+1 Query method call stack
  N+1 Query method call stack
  N+1 Query method call stack
  N+1 Query method call stack
  N+1 Query method call stack
  N+1 Query method call stack
  N+1 Query method call stack
  N+1 Query method call stack
  /Users/Eric/Desktop/MarkdUp/app/views/microposts/show.html.erb:47:in `block in _app_views_microposts_show_html_erb__2642517945566917496_70314913904920'
  /Users/Eric/Desktop/MarkdUp/app/views/microposts/show.html.erb:25:in `_app_views_microposts_show_html_erb__2642517945566917496_70314913904920'
  /Users/Eric/Desktop/MarkdUp/app/controllers/microposts_controller.rb:43:in `show'2014-02-14 20:59:02[WARN] user: Eric
localhost:3000/list
N+1 Query detected
  Micropost => [:comments]
  Add to your finder: :include => [:comments]
N+1 Query method call stack
  N+1 Query method call stack
  N+1 Query method call stack
  N+1 Query method call stack
  N+1 Query method call stack
  N+1 Query method call stack
  N+1 Query method call stack
  N+1 Query method call stack
  N+1 Query method call stack
  /Users/Eric/Desktop/MarkdUp/app/views/microposts/show.html.erb:47:in `block in _app_views_microposts_show_html_erb__2642517945566917496_70314913904920'
  /Users/Eric/Desktop/MarkdUp/app/views/microposts/show.html.erb:25:in `_app_views_microposts_show_html_erb__2642517945566917496_70314913904920'
  /Users/Eric/Desktop/MarkdUp/app/controllers/microposts_controller.rb:43:in `show'2014-02-14 21:04:03[WARN] user: Eric
localhost:3000/list
N+1 Query detected
  Micropost => [:comments]
  Add to your finder: :include => [:comments]
N+1 Query method call stack
  N+1 Query method call stack
  N+1 Query method call stack
  N+1 Query method call stack
  N+1 Query method call stack
  N+1 Query method call stack
  N+1 Query method call stack
  N+1 Query method call stack
  N+1 Query method call stack
  /Users/Eric/Desktop/MarkdUp/app/views/microposts/show.html.erb:47:in `block in _app_views_microposts_show_html_erb__2642517945566917496_70314913868760'
  /Users/Eric/Desktop/MarkdUp/app/views/microposts/show.html.erb:25:in `_app_views_microposts_show_html_erb__2642517945566917496_70314913868760'
  /Users/Eric/Desktop/MarkdUp/app/controllers/microposts_controller.rb:43:in `show'2014-02-14 21:04:41[WARN] user: Eric
localhost:3000/list
N+1 Query detected
  Micropost => [:comments]
  Add to your finder: :include => [:comments]
N+1 Query method call stack
  N+1 Query method call stack
  N+1 Query method call stack
  N+1 Query method call stack
  N+1 Query method call stack
  N+1 Query method call stack
  N+1 Query method call stack
  N+1 Query method call stack
  N+1 Query method call stack
  /Users/Eric/Desktop/MarkdUp/app/views/microposts/show.html.erb:47:in `block in _app_views_microposts_show_html_erb__2642517945566917496_70314919146960'
  /Users/Eric/Desktop/MarkdUp/app/views/microposts/show.html.erb:25:in `_app_views_microposts_show_html_erb__2642517945566917496_70314919146960'
  /Users/Eric/Desktop/MarkdUp/app/controllers/microposts_controller.rb:43:in `show'2014-02-14 21:05:20[WARN] user: Eric
localhost:3000/microposts/87
N+1 Query detected
  Micropost => [:comments]
  Add to your finder: :include => [:comments]
N+1 Query method call stack
  N+1 Query method call stack
  N+1 Query method call stack
  N+1 Query method call stack
  N+1 Query method call stack
  N+1 Query method call stack
  N+1 Query method call stack
  N+1 Query method call stack
  N+1 Query method call stack
  /Users/Eric/Desktop/MarkdUp/app/views/microposts/show.html.erb:47:in `block in _app_views_microposts_show_html_erb__2642517945566917496_70314919146960'
  /Users/Eric/Desktop/MarkdUp/app/views/microposts/show.html.erb:25:in `_app_views_microposts_show_html_erb__2642517945566917496_70314919146960'
  /Users/Eric/Desktop/MarkdUp/app/controllers/microposts_controller.rb:43:in `show'2014-02-14 21:06:34[WARN] user: Eric
localhost:3000/list
N+1 Query detected
  Micropost => [:comments]
  Add to your finder: :include => [:comments]
N+1 Query method call stack
  N+1 Query method call stack
  N+1 Query method call stack
  N+1 Query method call stack
  N+1 Query method call stack
  N+1 Query method call stack
  N+1 Query method call stack
  N+1 Query method call stack
  N+1 Query method call stack
  /Users/Eric/Desktop/MarkdUp/app/views/microposts/show.html.erb:47:in `block in _app_views_microposts_show_html_erb__2642517945566917496_70314919146960'
  /Users/Eric/Desktop/MarkdUp/app/views/microposts/show.html.erb:25:in `_app_views_microposts_show_html_erb__2642517945566917496_70314919146960'
  /Users/Eric/Desktop/MarkdUp/app/controllers/microposts_controller.rb:43:in `show'2014-02-14 21:11:00[WARN] user: Eric
localhost:3000/list
N+1 Query detected
  Micropost => [:comments]
  Add to your finder: :include => [:comments]
N+1 Query method call stack
  N+1 Query method call stack
  N+1 Query method call stack
  N+1 Query method call stack
  N+1 Query method call stack
  N+1 Query method call stack
  N+1 Query method call stack
  N+1 Query method call stack
  N+1 Query method call stack
  /Users/Eric/Desktop/MarkdUp/app/views/microposts/show.html.erb:47:in `block in _app_views_microposts_show_html_erb__2642517945566917496_70314919146960'
  /Users/Eric/Desktop/MarkdUp/app/views/microposts/show.html.erb:25:in `_app_views_microposts_show_html_erb__2642517945566917496_70314919146960'
  /Users/Eric/Desktop/MarkdUp/app/controllers/microposts_controller.rb:43:in `show'2014-02-14 21:12:14[WARN] user: Eric
localhost:3000/list
N+1 Query detected
  Micropost => [:comments]
  Add to your finder: :include => [:comments]
N+1 Query method call stack
  N+1 Query method call stack
  N+1 Query method call stack
  N+1 Query method call stack
  N+1 Query method call stack
  N+1 Query method call stack
  N+1 Query method call stack
  N+1 Query method call stack
  N+1 Query method call stack
  /Users/Eric/Desktop/MarkdUp/app/views/microposts/show.html.erb:47:in `block in _app_views_microposts_show_html_erb__2642517945566917496_70314919146960'
  /Users/Eric/Desktop/MarkdUp/app/views/microposts/show.html.erb:25:in `_app_views_microposts_show_html_erb__2642517945566917496_70314919146960'
  /Users/Eric/Desktop/MarkdUp/app/controllers/microposts_controller.rb:43:in `show'2014-02-14 21:12:34[WARN] user: Eric
localhost:3000/list
N+1 Query detected
  Micropost => [:comments]
  Add to your finder: :include => [:comments]
N+1 Query method call stack
  N+1 Query method call stack
  N+1 Query method call stack
  N+1 Query method call stack
  N+1 Query method call stack
  N+1 Query method call stack
  N+1 Query method call stack
  N+1 Query method call stack
  N+1 Query method call stack
  /Users/Eric/Desktop/MarkdUp/app/views/microposts/show.html.erb:47:in `block in _app_views_microposts_show_html_erb__2642517945566917496_70314919146960'
  /Users/Eric/Desktop/MarkdUp/app/views/microposts/show.html.erb:25:in `_app_views_microposts_show_html_erb__2642517945566917496_70314919146960'
  /Users/Eric/Desktop/MarkdUp/app/controllers/microposts_controller.rb:43:in `show'2014-02-14 21:12:40[WARN] user: Eric
localhost:3000/list
N+1 Query detected
  Micropost => [:comments]
  Add to your finder: :include => [:comments]
N+1 Query method call stack
  N+1 Query method call stack
  N+1 Query method call stack
  N+1 Query method call stack
  N+1 Query method call stack
  N+1 Query method call stack
  N+1 Query method call stack
  N+1 Query method call stack
  N+1 Query method call stack
  /Users/Eric/Desktop/MarkdUp/app/views/microposts/show.html.erb:47:in `block in _app_views_microposts_show_html_erb__2642517945566917496_70314919146960'
  /Users/Eric/Desktop/MarkdUp/app/views/microposts/show.html.erb:25:in `_app_views_microposts_show_html_erb__2642517945566917496_70314919146960'
  /Users/Eric/Desktop/MarkdUp/app/controllers/microposts_controller.rb:43:in `show'2014-02-14 21:13:00[WARN] user: Eric
localhost:3000/microposts/93
N+1 Query detected
  Micropost => [:comments]
  Add to your finder: :include => [:comments]
N+1 Query method call stack
  N+1 Query method call stack
  N+1 Query method call stack
  N+1 Query method call stack
  N+1 Query method call stack
  N+1 Query method call stack
  N+1 Query method call stack
  N+1 Query method call stack
  N+1 Query method call stack
  /Users/Eric/Desktop/MarkdUp/app/views/microposts/show.html.erb:47:in `block in _app_views_microposts_show_html_erb__2642517945566917496_70314919146960'
  /Users/Eric/Desktop/MarkdUp/app/views/microposts/show.html.erb:25:in `_app_views_microposts_show_html_erb__2642517945566917496_70314919146960'
  /Users/Eric/Desktop/MarkdUp/app/controllers/microposts_controller.rb:43:in `show'2014-02-14 21:14:47[WARN] user: Eric
localhost:3000/list
N+1 Query detected
  Micropost => [:comments]
  Add to your finder: :include => [:comments]
N+1 Query method call stack
  N+1 Query method call stack
  N+1 Query method call stack
  N+1 Query method call stack
  N+1 Query method call stack
  N+1 Query method call stack
  N+1 Query method call stack
  N+1 Query method call stack
  N+1 Query method call stack
  /Users/Eric/Desktop/MarkdUp/app/views/microposts/show.html.erb:47:in `block in _app_views_microposts_show_html_erb__2642517945566917496_70314919146960'
  /Users/Eric/Desktop/MarkdUp/app/views/microposts/show.html.erb:25:in `_app_views_microposts_show_html_erb__2642517945566917496_70314919146960'
  /Users/Eric/Desktop/MarkdUp/app/controllers/microposts_controller.rb:43:in `show'2014-02-14 21:16:57[WARN] user: Eric
localhost:3000/list
N+1 Query detected
  Micropost => [:comments]
  Add to your finder: :include => [:comments]
N+1 Query method call stack
  N+1 Query method call stack
  N+1 Query method call stack
  N+1 Query method call stack
  N+1 Query method call stack
  N+1 Query method call stack
  N+1 Query method call stack
  N+1 Query method call stack
  N+1 Query method call stack
  /Users/Eric/Desktop/MarkdUp/app/views/microposts/show.html.erb:47:in `block in _app_views_microposts_show_html_erb__2642517945566917496_70314919146960'
  /Users/Eric/Desktop/MarkdUp/app/views/microposts/show.html.erb:25:in `_app_views_microposts_show_html_erb__2642517945566917496_70314919146960'
  /Users/Eric/Desktop/MarkdUp/app/controllers/microposts_controller.rb:43:in `show'2014-02-14 21:18:59[WARN] user: Eric
localhost:3000/list
N+1 Query detected
  Micropost => [:comments]
  Add to your finder: :include => [:comments]
N+1 Query method call stack
  N+1 Query method call stack
  N+1 Query method call stack
  N+1 Query method call stack
  N+1 Query method call stack
  N+1 Query method call stack
  N+1 Query method call stack
  N+1 Query method call stack
  N+1 Query method call stack
  /Users/Eric/Desktop/MarkdUp/app/views/microposts/show.html.erb:47:in `block in _app_views_microposts_show_html_erb__2642517945566917496_70314919146960'
  /Users/Eric/Desktop/MarkdUp/app/views/microposts/show.html.erb:25:in `_app_views_microposts_show_html_erb__2642517945566917496_70314919146960'
  /Users/Eric/Desktop/MarkdUp/app/controllers/microposts_controller.rb:43:in `show'2014-02-14 21:19:04[WARN] user: Eric
localhost:3000/list
N+1 Query detected
  Micropost => [:comments]
  Add to your finder: :include => [:comments]
N+1 Query method call stack
  N+1 Query method call stack
  N+1 Query method call stack
  N+1 Query method call stack
  N+1 Query method call stack
  N+1 Query method call stack
  N+1 Query method call stack
  N+1 Query method call stack
  N+1 Query method call stack
  /Users/Eric/Desktop/MarkdUp/app/views/microposts/show.html.erb:47:in `block in _app_views_microposts_show_html_erb__2642517945566917496_70314919146960'
  /Users/Eric/Desktop/MarkdUp/app/views/microposts/show.html.erb:25:in `_app_views_microposts_show_html_erb__2642517945566917496_70314919146960'
  /Users/Eric/Desktop/MarkdUp/app/controllers/microposts_controller.rb:43:in `show'2014-02-14 21:19:44[WARN] user: Eric
localhost:3000/list
N+1 Query detected
  Micropost => [:comments]
  Add to your finder: :include => [:comments]
N+1 Query method call stack
  N+1 Query method call stack
  N+1 Query method call stack
  N+1 Query method call stack
  N+1 Query method call stack
  N+1 Query method call stack
  N+1 Query method call stack
  N+1 Query method call stack
  N+1 Query method call stack
  /Users/Eric/Desktop/MarkdUp/app/views/microposts/show.html.erb:47:in `block in _app_views_microposts_show_html_erb__2642517945566917496_70314919146960'
  /Users/Eric/Desktop/MarkdUp/app/views/microposts/show.html.erb:25:in `_app_views_microposts_show_html_erb__2642517945566917496_70314919146960'
  /Users/Eric/Desktop/MarkdUp/app/controllers/microposts_controller.rb:43:in `show'2014-02-14 21:21:02[WARN] user: Eric
localhost:3000/list
N+1 Query detected
  Micropost => [:comments]
  Add to your finder: :include => [:comments]
N+1 Query method call stack
  N+1 Query method call stack
  N+1 Query method call stack
  N+1 Query method call stack
  N+1 Query method call stack
  N+1 Query method call stack
  N+1 Query method call stack
  N+1 Query method call stack
  N+1 Query method call stack
  /Users/Eric/Desktop/MarkdUp/app/views/microposts/show.html.erb:47:in `block in _app_views_microposts_show_html_erb__2642517945566917496_70314919146960'
  /Users/Eric/Desktop/MarkdUp/app/views/microposts/show.html.erb:25:in `_app_views_microposts_show_html_erb__2642517945566917496_70314919146960'
  /Users/Eric/Desktop/MarkdUp/app/controllers/microposts_controller.rb:43:in `show'2014-02-14 21:21:37[WARN] user: Eric
localhost:3000/list
N+1 Query detected
  Micropost => [:comments]
  Add to your finder: :include => [:comments]
N+1 Query method call stack
  N+1 Query method call stack
  N+1 Query method call stack
  N+1 Query method call stack
  N+1 Query method call stack
  N+1 Query method call stack
  N+1 Query method call stack
  N+1 Query method call stack
  N+1 Query method call stack
  /Users/Eric/Desktop/MarkdUp/app/views/microposts/show.html.erb:47:in `block in _app_views_microposts_show_html_erb__2642517945566917496_70314911372280'
  /Users/Eric/Desktop/MarkdUp/app/views/microposts/show.html.erb:25:in `_app_views_microposts_show_html_erb__2642517945566917496_70314911372280'
  /Users/Eric/Desktop/MarkdUp/app/controllers/microposts_controller.rb:43:in `show'2014-02-14 21:21:55[WARN] user: Eric
localhost:3000/list
N+1 Query detected
  Micropost => [:comments]
  Add to your finder: :include => [:comments]
N+1 Query method call stack
  N+1 Query method call stack
  N+1 Query method call stack
  N+1 Query method call stack
  N+1 Query method call stack
  N+1 Query method call stack
  N+1 Query method call stack
  N+1 Query method call stack
  N+1 Query method call stack
  /Users/Eric/Desktop/MarkdUp/app/views/microposts/show.html.erb:47:in `block in _app_views_microposts_show_html_erb__2642517945566917496_70314911372280'
  /Users/Eric/Desktop/MarkdUp/app/views/microposts/show.html.erb:25:in `_app_views_microposts_show_html_erb__2642517945566917496_70314911372280'
  /Users/Eric/Desktop/MarkdUp/app/controllers/microposts_controller.rb:43:in `show'2014-02-14 21:22:23[WARN] user: Eric
localhost:3000/list
N+1 Query detected
  Micropost => [:comments]
  Add to your finder: :include => [:comments]
N+1 Query method call stack
  N+1 Query method call stack
  N+1 Query method call stack
  N+1 Query method call stack
  N+1 Query method call stack
  N+1 Query method call stack
  N+1 Query method call stack
  N+1 Query method call stack
  N+1 Query method call stack
  /Users/Eric/Desktop/MarkdUp/app/views/microposts/show.html.erb:47:in `block in _app_views_microposts_show_html_erb__2642517945566917496_70314911372280'
  /Users/Eric/Desktop/MarkdUp/app/views/microposts/show.html.erb:25:in `_app_views_microposts_show_html_erb__2642517945566917496_70314911372280'
  /Users/Eric/Desktop/MarkdUp/app/controllers/microposts_controller.rb:43:in `show'2014-02-14 21:23:43[WARN] user: Eric
localhost:3000/list
N+1 Query detected
  Micropost => [:comments]
  Add to your finder: :include => [:comments]
N+1 Query method call stack
  N+1 Query method call stack
  N+1 Query method call stack
  N+1 Query method call stack
  N+1 Query method call stack
  N+1 Query method call stack
  N+1 Query method call stack
  N+1 Query method call stack
  N+1 Query method call stack
  /Users/Eric/Desktop/MarkdUp/app/views/microposts/show.html.erb:47:in `block in _app_views_microposts_show_html_erb__2642517945566917496_70314911372280'
  /Users/Eric/Desktop/MarkdUp/app/views/microposts/show.html.erb:25:in `_app_views_microposts_show_html_erb__2642517945566917496_70314911372280'
  /Users/Eric/Desktop/MarkdUp/app/controllers/microposts_controller.rb:43:in `show'2014-02-14 21:24:33[WARN] user: Eric
localhost:3000/list
N+1 Query detected
  Micropost => [:comments]
  Add to your finder: :include => [:comments]
N+1 Query method call stack
  N+1 Query method call stack
  N+1 Query method call stack
  N+1 Query method call stack
  N+1 Query method call stack
  N+1 Query method call stack
  N+1 Query method call stack
  N+1 Query method call stack
  N+1 Query method call stack
  /Users/Eric/Desktop/MarkdUp/app/views/microposts/show.html.erb:47:in `block in _app_views_microposts_show_html_erb__2642517945566917496_70314922836320'
  /Users/Eric/Desktop/MarkdUp/app/views/microposts/show.html.erb:25:in `_app_views_microposts_show_html_erb__2642517945566917496_70314922836320'
  /Users/Eric/Desktop/MarkdUp/app/controllers/microposts_controller.rb:43:in `show'2014-02-14 21:24:59[WARN] user: Eric
localhost:3000/list
N+1 Query detected
  Micropost => [:comments]
  Add to your finder: :include => [:comments]
N+1 Query method call stack
  N+1 Query method call stack
  N+1 Query method call stack
  N+1 Query method call stack
  N+1 Query method call stack
  N+1 Query method call stack
  N+1 Query method call stack
  N+1 Query method call stack
  N+1 Query method call stack
  /Users/Eric/Desktop/MarkdUp/app/views/microposts/show.html.erb:47:in `block in _app_views_microposts_show_html_erb__2642517945566917496_70314910540840'
  /Users/Eric/Desktop/MarkdUp/app/views/microposts/show.html.erb:25:in `_app_views_microposts_show_html_erb__2642517945566917496_70314910540840'
  /Users/Eric/Desktop/MarkdUp/app/controllers/microposts_controller.rb:43:in `show'2014-02-14 21:25:53[WARN] user: Eric
localhost:3000/list
N+1 Query detected
  Micropost => [:comments]
  Add to your finder: :include => [:comments]
N+1 Query method call stack
  N+1 Query method call stack
  N+1 Query method call stack
  N+1 Query method call stack
  N+1 Query method call stack
  N+1 Query method call stack
  N+1 Query method call stack
  N+1 Query method call stack
  N+1 Query method call stack
  /Users/Eric/Desktop/MarkdUp/app/views/microposts/show.html.erb:47:in `block in _app_views_microposts_show_html_erb__2642517945566917496_70314905567280'
  /Users/Eric/Desktop/MarkdUp/app/views/microposts/show.html.erb:25:in `_app_views_microposts_show_html_erb__2642517945566917496_70314905567280'
  /Users/Eric/Desktop/MarkdUp/app/controllers/microposts_controller.rb:43:in `show'2014-02-14 21:26:26[WARN] user: Eric
localhost:3000/list
N+1 Query detected
  Micropost => [:comments]
  Add to your finder: :include => [:comments]
N+1 Query method call stack
  N+1 Query method call stack
  N+1 Query method call stack
  N+1 Query method call stack
  N+1 Query method call stack
  N+1 Query method call stack
  N+1 Query method call stack
  N+1 Query method call stack
  N+1 Query method call stack
  /Users/Eric/Desktop/MarkdUp/app/views/microposts/show.html.erb:47:in `block in _app_views_microposts_show_html_erb__2642517945566917496_70314905567280'
  /Users/Eric/Desktop/MarkdUp/app/views/microposts/show.html.erb:25:in `_app_views_microposts_show_html_erb__2642517945566917496_70314905567280'
  /Users/Eric/Desktop/MarkdUp/app/controllers/microposts_controller.rb:43:in `show'2014-02-14 21:27:18[WARN] user: Eric
localhost:3000/list
N+1 Query detected
  Micropost => [:comments]
  Add to your finder: :include => [:comments]
N+1 Query method call stack
  N+1 Query method call stack
  N+1 Query method call stack
  N+1 Query method call stack
  N+1 Query method call stack
  N+1 Query method call stack
  N+1 Query method call stack
  N+1 Query method call stack
  N+1 Query method call stack
  /Users/Eric/Desktop/MarkdUp/app/views/microposts/show.html.erb:47:in `block in _app_views_microposts_show_html_erb__2642517945566917496_70314905567280'
  /Users/Eric/Desktop/MarkdUp/app/views/microposts/show.html.erb:25:in `_app_views_microposts_show_html_erb__2642517945566917496_70314905567280'
  /Users/Eric/Desktop/MarkdUp/app/controllers/microposts_controller.rb:43:in `show'2014-02-14 21:28:02[WARN] user: Eric
localhost:3000/list
N+1 Query detected
  Micropost => [:comments]
  Add to your finder: :include => [:comments]
N+1 Query method call stack
  N+1 Query method call stack
  N+1 Query method call stack
  N+1 Query method call stack
  N+1 Query method call stack
  N+1 Query method call stack
  N+1 Query method call stack
  N+1 Query method call stack
  N+1 Query method call stack
  /Users/Eric/Desktop/MarkdUp/app/views/microposts/show.html.erb:47:in `block in _app_views_microposts_show_html_erb__2642517945566917496_70314905567280'
  /Users/Eric/Desktop/MarkdUp/app/views/microposts/show.html.erb:25:in `_app_views_microposts_show_html_erb__2642517945566917496_70314905567280'
  /Users/Eric/Desktop/MarkdUp/app/controllers/microposts_controller.rb:43:in `show'2014-02-14 21:29:56[WARN] user: Eric
localhost:3000/list
N+1 Query detected
  Micropost => [:comments]
  Add to your finder: :include => [:comments]
N+1 Query method call stack
  N+1 Query method call stack
  N+1 Query method call stack
  N+1 Query method call stack
  N+1 Query method call stack
  N+1 Query method call stack
  N+1 Query method call stack
  N+1 Query method call stack
  N+1 Query method call stack
  /Users/Eric/Desktop/MarkdUp/app/views/microposts/show.html.erb:47:in `block in _app_views_microposts_show_html_erb__2642517945566917496_70314905567280'
  /Users/Eric/Desktop/MarkdUp/app/views/microposts/show.html.erb:25:in `_app_views_microposts_show_html_erb__2642517945566917496_70314905567280'
  /Users/Eric/Desktop/MarkdUp/app/controllers/microposts_controller.rb:43:in `show'2014-02-14 21:32:31[WARN] user: Eric
localhost:3000/list
N+1 Query detected
  Micropost => [:comments]
  Add to your finder: :include => [:comments]
N+1 Query method call stack
  N+1 Query method call stack
  N+1 Query method call stack
  N+1 Query method call stack
  N+1 Query method call stack
  N+1 Query method call stack
  N+1 Query method call stack
  N+1 Query method call stack
  N+1 Query method call stack
  /Users/Eric/Desktop/MarkdUp/app/views/microposts/show.html.erb:47:in `block in _app_views_microposts_show_html_erb__2642517945566917496_70314905567280'
  /Users/Eric/Desktop/MarkdUp/app/views/microposts/show.html.erb:25:in `_app_views_microposts_show_html_erb__2642517945566917496_70314905567280'
  /Users/Eric/Desktop/MarkdUp/app/controllers/microposts_controller.rb:43:in `show'2014-02-14 21:32:47[WARN] user: Eric
localhost:3000/list
N+1 Query detected
  Micropost => [:comments]
  Add to your finder: :include => [:comments]
N+1 Query method call stack
  N+1 Query method call stack
  N+1 Query method call stack
  N+1 Query method call stack
  N+1 Query method call stack
  N+1 Query method call stack
  N+1 Query method call stack
  N+1 Query method call stack
  N+1 Query method call stack
  /Users/Eric/Desktop/MarkdUp/app/views/microposts/show.html.erb:47:in `block in _app_views_microposts_show_html_erb__2642517945566917496_70314905567280'
  /Users/Eric/Desktop/MarkdUp/app/views/microposts/show.html.erb:25:in `_app_views_microposts_show_html_erb__2642517945566917496_70314905567280'
  /Users/Eric/Desktop/MarkdUp/app/controllers/microposts_controller.rb:43:in `show'2014-02-14 21:37:55[WARN] user: Eric
localhost:3000/list
N+1 Query detected
  Micropost => [:comments]
  Add to your finder: :include => [:comments]
N+1 Query method call stack
  N+1 Query method call stack
  N+1 Query method call stack
  N+1 Query method call stack
  N+1 Query method call stack
  N+1 Query method call stack
  N+1 Query method call stack
  N+1 Query method call stack
  N+1 Query method call stack
  /Users/Eric/Desktop/MarkdUp/app/views/microposts/show.html.erb:47:in `block in _app_views_microposts_show_html_erb__2642517945566917496_70314910614540'
  /Users/Eric/Desktop/MarkdUp/app/views/microposts/show.html.erb:25:in `_app_views_microposts_show_html_erb__2642517945566917496_70314910614540'
  /Users/Eric/Desktop/MarkdUp/app/controllers/microposts_controller.rb:43:in `show'2014-02-14 21:42:55[WARN] user: Eric
localhost:3000/list
N+1 Query detected
  Micropost => [:comments]
  Add to your finder: :include => [:comments]
N+1 Query method call stack
  N+1 Query method call stack
  N+1 Query method call stack
  N+1 Query method call stack
  N+1 Query method call stack
  N+1 Query method call stack
  N+1 Query method call stack
  N+1 Query method call stack
  N+1 Query method call stack
  /Users/Eric/Desktop/MarkdUp/app/views/microposts/show.html.erb:47:in `block in _app_views_microposts_show_html_erb__2642517945566917496_70314910614540'
  /Users/Eric/Desktop/MarkdUp/app/views/microposts/show.html.erb:25:in `_app_views_microposts_show_html_erb__2642517945566917496_70314910614540'
  /Users/Eric/Desktop/MarkdUp/app/controllers/microposts_controller.rb:43:in `show'2014-02-14 21:43:52[WARN] user: Eric
localhost:3000/list
N+1 Query detected
  Micropost => [:comments]
  Add to your finder: :include => [:comments]
N+1 Query method call stack
  N+1 Query method call stack
  N+1 Query method call stack
  N+1 Query method call stack
  N+1 Query method call stack
  N+1 Query method call stack
  N+1 Query method call stack
  N+1 Query method call stack
  N+1 Query method call stack
  /Users/Eric/Desktop/MarkdUp/app/views/microposts/show.html.erb:47:in `block in _app_views_microposts_show_html_erb__2642517945566917496_70314910614540'
  /Users/Eric/Desktop/MarkdUp/app/views/microposts/show.html.erb:25:in `_app_views_microposts_show_html_erb__2642517945566917496_70314910614540'
  /Users/Eric/Desktop/MarkdUp/app/controllers/microposts_controller.rb:43:in `show'2014-02-14 21:48:21[WARN] user: Eric
localhost:3000/list
N+1 Query detected
  Micropost => [:comments]
  Add to your finder: :include => [:comments]
N+1 Query method call stack
  N+1 Query method call stack
  N+1 Query method call stack
  N+1 Query method call stack
  N+1 Query method call stack
  N+1 Query method call stack
  N+1 Query method call stack
  N+1 Query method call stack
  N+1 Query method call stack
  /Users/Eric/Desktop/MarkdUp/app/views/microposts/show.html.erb:47:in `block in _app_views_microposts_show_html_erb__2642517945566917496_70314910614540'
  /Users/Eric/Desktop/MarkdUp/app/views/microposts/show.html.erb:25:in `_app_views_microposts_show_html_erb__2642517945566917496_70314910614540'
  /Users/Eric/Desktop/MarkdUp/app/controllers/microposts_controller.rb:43:in `show'2014-02-14 21:51:57[WARN] user: Eric
localhost:3000/list
N+1 Query detected
  Micropost => [:comments]
  Add to your finder: :include => [:comments]
N+1 Query method call stack
  N+1 Query method call stack
  N+1 Query method call stack
  N+1 Query method call stack
  N+1 Query method call stack
  N+1 Query method call stack
  N+1 Query method call stack
  N+1 Query method call stack
  N+1 Query method call stack
  /Users/Eric/Desktop/MarkdUp/app/views/microposts/show.html.erb:47:in `block in _app_views_microposts_show_html_erb__2642517945566917496_70314910614540'
  /Users/Eric/Desktop/MarkdUp/app/views/microposts/show.html.erb:25:in `_app_views_microposts_show_html_erb__2642517945566917496_70314910614540'
  /Users/Eric/Desktop/MarkdUp/app/controllers/microposts_controller.rb:43:in `show'2014-02-14 21:53:45[WARN] user: Eric
localhost:3000/list
N+1 Query detected
  Micropost => [:comments]
  Add to your finder: :include => [:comments]
N+1 Query method call stack
  N+1 Query method call stack
  N+1 Query method call stack
  N+1 Query method call stack
  N+1 Query method call stack
  N+1 Query method call stack
  N+1 Query method call stack
  N+1 Query method call stack
  N+1 Query method call stack
  /Users/Eric/Desktop/MarkdUp/app/views/microposts/show.html.erb:47:in `block in _app_views_microposts_show_html_erb__2642517945566917496_70314910614540'
  /Users/Eric/Desktop/MarkdUp/app/views/microposts/show.html.erb:25:in `_app_views_microposts_show_html_erb__2642517945566917496_70314910614540'
  /Users/Eric/Desktop/MarkdUp/app/controllers/microposts_controller.rb:43:in `show'2014-02-14 21:54:50[WARN] user: Eric
localhost:3000/list
N+1 Query detected
  Micropost => [:comments]
  Add to your finder: :include => [:comments]
N+1 Query method call stack
  N+1 Query method call stack
  N+1 Query method call stack
  N+1 Query method call stack
  N+1 Query method call stack
  N+1 Query method call stack
  N+1 Query method call stack
  N+1 Query method call stack
  N+1 Query method call stack
  /Users/Eric/Desktop/MarkdUp/app/views/microposts/show.html.erb:47:in `block in _app_views_microposts_show_html_erb__2642517945566917496_70314910614540'
  /Users/Eric/Desktop/MarkdUp/app/views/microposts/show.html.erb:25:in `_app_views_microposts_show_html_erb__2642517945566917496_70314910614540'
  /Users/Eric/Desktop/MarkdUp/app/controllers/microposts_controller.rb:43:in `show'2014-02-14 21:57:16[WARN] user: Eric
localhost:3000/list
N+1 Query detected
  Micropost => [:comments]
  Add to your finder: :include => [:comments]
N+1 Query method call stack
  N+1 Query method call stack
  N+1 Query method call stack
  N+1 Query method call stack
  N+1 Query method call stack
  N+1 Query method call stack
  N+1 Query method call stack
  N+1 Query method call stack
  N+1 Query method call stack
  /Users/Eric/Desktop/MarkdUp/app/views/microposts/show.html.erb:47:in `block in _app_views_microposts_show_html_erb__2642517945566917496_70314896059760'
  /Users/Eric/Desktop/MarkdUp/app/views/microposts/show.html.erb:25:in `_app_views_microposts_show_html_erb__2642517945566917496_70314896059760'
  /Users/Eric/Desktop/MarkdUp/app/controllers/microposts_controller.rb:43:in `show'2014-02-14 21:57:59[WARN] user: Eric
localhost:3000/list
N+1 Query detected
  Micropost => [:comments]
  Add to your finder: :include => [:comments]
N+1 Query method call stack
  N+1 Query method call stack
  N+1 Query method call stack
  N+1 Query method call stack
  N+1 Query method call stack
  N+1 Query method call stack
  N+1 Query method call stack
  N+1 Query method call stack
  N+1 Query method call stack
  /Users/Eric/Desktop/MarkdUp/app/views/microposts/show.html.erb:47:in `block in _app_views_microposts_show_html_erb__2642517945566917496_70314905700460'
  /Users/Eric/Desktop/MarkdUp/app/views/microposts/show.html.erb:25:in `_app_views_microposts_show_html_erb__2642517945566917496_70314905700460'
  /Users/Eric/Desktop/MarkdUp/app/controllers/microposts_controller.rb:43:in `show'2014-02-14 21:58:14[WARN] user: Eric
localhost:3000/list
N+1 Query detected
  Micropost => [:comments]
  Add to your finder: :include => [:comments]
N+1 Query method call stack
  N+1 Query method call stack
  N+1 Query method call stack
  N+1 Query method call stack
  N+1 Query method call stack
  N+1 Query method call stack
  N+1 Query method call stack
  N+1 Query method call stack
  N+1 Query method call stack
  /Users/Eric/Desktop/MarkdUp/app/views/microposts/show.html.erb:47:in `block in _app_views_microposts_show_html_erb__2642517945566917496_70314919753940'
  /Users/Eric/Desktop/MarkdUp/app/views/microposts/show.html.erb:25:in `_app_views_microposts_show_html_erb__2642517945566917496_70314919753940'
  /Users/Eric/Desktop/MarkdUp/app/controllers/microposts_controller.rb:43:in `show'2014-02-14 21:58:28[WARN] user: Eric
localhost:3000/list
N+1 Query detected
  Micropost => [:comments]
  Add to your finder: :include => [:comments]
N+1 Query method call stack
  N+1 Query method call stack
  N+1 Query method call stack
  N+1 Query method call stack
  N+1 Query method call stack
  N+1 Query method call stack
  N+1 Query method call stack
  N+1 Query method call stack
  N+1 Query method call stack
  /Users/Eric/Desktop/MarkdUp/app/views/microposts/show.html.erb:47:in `block in _app_views_microposts_show_html_erb__2642517945566917496_70314919753940'
  /Users/Eric/Desktop/MarkdUp/app/views/microposts/show.html.erb:25:in `_app_views_microposts_show_html_erb__2642517945566917496_70314919753940'
  /Users/Eric/Desktop/MarkdUp/app/controllers/microposts_controller.rb:43:in `show'2014-02-14 22:13:17[WARN] user: Eric
localhost:3000/list
N+1 Query detected
  Micropost => [:comments]
  Add to your finder: :include => [:comments]
N+1 Query method call stack
  N+1 Query method call stack
  N+1 Query method call stack
  N+1 Query method call stack
  N+1 Query method call stack
  N+1 Query method call stack
  N+1 Query method call stack
  N+1 Query method call stack
  N+1 Query method call stack
  /Users/Eric/Desktop/MarkdUp/app/views/microposts/show.html.erb:47:in `block in _app_views_microposts_show_html_erb__2642517945566917496_70314919753940'
  /Users/Eric/Desktop/MarkdUp/app/views/microposts/show.html.erb:25:in `_app_views_microposts_show_html_erb__2642517945566917496_70314919753940'
  /Users/Eric/Desktop/MarkdUp/app/controllers/microposts_controller.rb:43:in `show'2014-02-14 22:16:05[WARN] user: Eric
localhost:3000/list
N+1 Query detected
  Micropost => [:comments]
  Add to your finder: :include => [:comments]
N+1 Query method call stack
  N+1 Query method call stack
  N+1 Query method call stack
  N+1 Query method call stack
  N+1 Query method call stack
  N+1 Query method call stack
  N+1 Query method call stack
  N+1 Query method call stack
  N+1 Query method call stack
  /Users/Eric/Desktop/MarkdUp/app/views/microposts/show.html.erb:47:in `block in _app_views_microposts_show_html_erb__2642517945566917496_70314919753940'
  /Users/Eric/Desktop/MarkdUp/app/views/microposts/show.html.erb:25:in `_app_views_microposts_show_html_erb__2642517945566917496_70314919753940'
  /Users/Eric/Desktop/MarkdUp/app/controllers/microposts_controller.rb:43:in `show'2014-02-14 22:17:59[WARN] user: Eric
localhost:3000/list
N+1 Query detected
  Micropost => [:comments]
  Add to your finder: :include => [:comments]
N+1 Query method call stack
  N+1 Query method call stack
  N+1 Query method call stack
  N+1 Query method call stack
  N+1 Query method call stack
  N+1 Query method call stack
  N+1 Query method call stack
  N+1 Query method call stack
  N+1 Query method call stack
  /Users/Eric/Desktop/MarkdUp/app/views/microposts/show.html.erb:47:in `block in _app_views_microposts_show_html_erb__2642517945566917496_70314919753940'
  /Users/Eric/Desktop/MarkdUp/app/views/microposts/show.html.erb:25:in `_app_views_microposts_show_html_erb__2642517945566917496_70314919753940'
  /Users/Eric/Desktop/MarkdUp/app/controllers/microposts_controller.rb:43:in `show'2014-02-14 22:20:48[WARN] user: Eric
localhost:3000/list
N+1 Query detected
  Micropost => [:comments]
  Add to your finder: :include => [:comments]
N+1 Query method call stack
  N+1 Query method call stack
  N+1 Query method call stack
  N+1 Query method call stack
  N+1 Query method call stack
  N+1 Query method call stack
  N+1 Query method call stack
  N+1 Query method call stack
  N+1 Query method call stack
  /Users/Eric/Desktop/MarkdUp/app/views/microposts/show.html.erb:47:in `block in _app_views_microposts_show_html_erb__2642517945566917496_70314919753940'
  /Users/Eric/Desktop/MarkdUp/app/views/microposts/show.html.erb:25:in `_app_views_microposts_show_html_erb__2642517945566917496_70314919753940'
  /Users/Eric/Desktop/MarkdUp/app/controllers/microposts_controller.rb:43:in `show'2014-02-14 22:28:43[WARN] user: Eric
localhost:3000/list
N+1 Query detected
  Micropost => [:comments]
  Add to your finder: :include => [:comments]
N+1 Query method call stack
  N+1 Query method call stack
  N+1 Query method call stack
  N+1 Query method call stack
  N+1 Query method call stack
  N+1 Query method call stack
  N+1 Query method call stack
  N+1 Query method call stack
  N+1 Query method call stack
  /Users/Eric/Desktop/MarkdUp/app/views/microposts/show.html.erb:47:in `block in _app_views_microposts_show_html_erb__2642517945566917496_70314919753940'
  /Users/Eric/Desktop/MarkdUp/app/views/microposts/show.html.erb:25:in `_app_views_microposts_show_html_erb__2642517945566917496_70314919753940'
  /Users/Eric/Desktop/MarkdUp/app/controllers/microposts_controller.rb:43:in `show'